<?xml version="1.0" encoding="UTF-8"?>
<!-- Generated by org.testng.reporters.JUnitXMLReporter -->
<testsuite hostname="LAPTOP-BILN7TIR" ignored="0" name="Command line test" tests="6" failures="0" timestamp="2022-06-15T20:48:19 IST" time="0.053" errors="0">
  <testcase name="abc" time="0.005" classname="AutomationTestHub.Maven.APITest"/>
  <testcase name="xyz" time="0.0" classname="AutomationTestHub.Maven.APITest"/>
  <testcase name="deleteTwitter" time="0.0" classname="AutomationTestHub.Maven.AppiumTest"/>
  <testcase name="getPOSTData" time="0.0" classname="AutomationTestHub.Maven.AppiumTest"/>
  <testcase name="browserLogOut" time="0.0" classname="AutomationTestHub.Maven.SeleniumTest"/>
  <testcase name="browserLogin" time="0.0" classname="AutomationTestHub.Maven.SeleniumTest"/>
</testsuite> <!-- Command line test -->
