<?xml version="1.0" encoding="UTF-8"?>
<testng-results skipped="0" failed="0" ignored="0" total="2" passed="2">
  <reporter-output>
  </reporter-output>
  <suite name="Suite" duration-ms="40" started-at="2022-06-15T21:05:50 IST" finished-at="2022-06-15T21:05:50 IST">
    <groups>
    </groups>
    <test name="Test" duration-ms="40" started-at="2022-06-15T21:05:50 IST" finished-at="2022-06-15T21:05:50 IST">
      <class name="AutomationTestHub.Maven.SeleniumTest">
        <test-method status="PASS" signature="browserLogOut()[pri:0, instance:AutomationTestHub.Maven.SeleniumTest@192b07fd]" name="browserLogOut" duration-ms="5" started-at="2022-06-15T21:05:50 IST" finished-at="2022-06-15T21:05:50 IST">
          <reporter-output>
          </reporter-output>
        </test-method> <!-- browserLogOut -->
        <test-method status="PASS" signature="browserLogin()[pri:0, instance:AutomationTestHub.Maven.SeleniumTest@192b07fd]" name="browserLogin" duration-ms="1" started-at="2022-06-15T21:05:50 IST" finished-at="2022-06-15T21:05:50 IST">
          <reporter-output>
          </reporter-output>
        </test-method> <!-- browserLogin -->
      </class> <!-- AutomationTestHub.Maven.SeleniumTest -->
    </test> <!-- Test -->
  </suite> <!-- Suite -->
</testng-results>
